<?xml version="1.0" encoding="UTF-8"?>
<testng-results ignored="0" total="2" passed="2" failed="0" skipped="0">
  <reporter-output>
  </reporter-output>
  <suite started-at="2021-11-09T11:28:49Z" name="Suite" finished-at="2021-11-09T11:29:44Z" duration-ms="54639">
    <groups>
    </groups>
    <test started-at="2021-11-09T11:28:49Z" name="TestAndroid" finished-at="2021-11-09T11:29:19Z" duration-ms="29960">
      <class name="com.experitest.auto.AndroidDemoTest">
        <test-method is-config="true" signature="setUp(java.lang.String)[pri:0, instance:com.experitest.auto.AndroidDemoTest@770d3326]" started-at="2021-11-09T16:58:49Z" name="setUp" finished-at="2021-11-09T16:59:12Z" duration-ms="23103" status="PASS">
          <params>
            <param index="0">
              <value>
                <![CDATA[@os='android']]>
              </value>
            </param>
          </params>
          <reporter-output>
          </reporter-output>
        </test-method> <!-- setUp -->
        <test-method signature="test()[pri:0, instance:com.experitest.auto.AndroidDemoTest@770d3326]" started-at="2021-11-09T16:59:12Z" name="test" finished-at="2021-11-09T16:59:12Z" duration-ms="12" status="PASS">
          <reporter-output>
          </reporter-output>
        </test-method> <!-- test -->
        <test-method is-config="true" signature="tearDown()[pri:0, instance:com.experitest.auto.AndroidDemoTest@770d3326]" started-at="2021-11-09T16:59:12Z" name="tearDown" finished-at="2021-11-09T16:59:19Z" duration-ms="6755" status="PASS">
          <reporter-output>
          </reporter-output>
        </test-method> <!-- tearDown -->
      </class> <!-- com.experitest.auto.AndroidDemoTest -->
    </test> <!-- TestAndroid -->
    <test started-at="2021-11-09T11:28:49Z" name="TestIOS" finished-at="2021-11-09T11:29:44Z" duration-ms="54639">
      <class name="com.experitest.auto.IOSDemoTest">
        <test-method is-config="true" signature="setUp(java.lang.String)[pri:0, instance:com.experitest.auto.IOSDemoTest@2cdd0d4b]" started-at="2021-11-09T16:58:49Z" name="setUp" finished-at="2021-11-09T16:59:40Z" duration-ms="50332" status="PASS">
          <params>
            <param index="0">
              <value>
                <![CDATA[@os='ios']]>
              </value>
            </param>
          </params>
          <reporter-output>
          </reporter-output>
        </test-method> <!-- setUp -->
        <test-method signature="test()[pri:0, instance:com.experitest.auto.IOSDemoTest@2cdd0d4b]" started-at="2021-11-09T16:59:40Z" name="test" finished-at="2021-11-09T16:59:40Z" duration-ms="2" status="PASS">
          <reporter-output>
          </reporter-output>
        </test-method> <!-- test -->
        <test-method is-config="true" signature="tearDown()[pri:0, instance:com.experitest.auto.IOSDemoTest@2cdd0d4b]" started-at="2021-11-09T16:59:40Z" name="tearDown" finished-at="2021-11-09T16:59:44Z" duration-ms="4213" status="PASS">
          <reporter-output>
          </reporter-output>
        </test-method> <!-- tearDown -->
      </class> <!-- com.experitest.auto.IOSDemoTest -->
    </test> <!-- TestIOS -->
  </suite> <!-- Suite -->
</testng-results>
